20:32:27: Creating resource group General
20:32:27: Creating resource group Internal
20:32:27: Creating resource group Autodetect
20:32:27: SceneManagerFactory for type 'DefaultSceneManager' registered.
20:32:27: Registering ResourceManager for type Material
20:32:27: Registering ResourceManager for type Mesh
20:32:27: Registering ResourceManager for type Skeleton
20:32:27: MovableObjectFactory for type 'ParticleSystem' registered.
20:32:27: OverlayElementFactory for type Panel registered.
20:32:27: OverlayElementFactory for type BorderPanel registered.
20:32:27: OverlayElementFactory for type TextArea registered.
20:32:27: Registering ResourceManager for type Font
20:32:27: ArchiveFactory for archive type FileSystem registered.
20:32:27: ArchiveFactory for archive type Zip registered.
20:32:27: DDS codec registering
20:32:27: FreeImage version: 3.15.4
20:32:27: This program uses FreeImage, a free, open source image library supporting all common bitmap formats. See http://freeimage.sourceforge.net for details
20:32:27: Supported formats: bmp,ico,jpg,jif,jpeg,jpe,jng,koa,iff,lbm,mng,pbm,pbm,pcd,pcx,pgm,pgm,png,ppm,ppm,ras,tga,targa,tif,tiff,wap,wbmp,wbm,psd,cut,xbm,xpm,gif,hdr,g3,sgi,exr,j2k,j2c,jp2,pfm,pct,pict,pic,3fr,arw,bay,bmq,cap,cine,cr2,crw,cs1,dc2,dcr,drf,dsc,dng,erf,fff,ia,iiq,k25,kc2,kdc,mdc,mef,mos,mrw,nef,nrw,orf,pef,ptx,pxn,qtk,raf,raw,rdc,rw2,rwl,rwz,sr2,srf,srw,sti
20:32:27: Registering ResourceManager for type HighLevelGpuProgram
20:32:27: Registering ResourceManager for type Compositor
20:32:27: MovableObjectFactory for type 'Entity' registered.
20:32:27: MovableObjectFactory for type 'Light' registered.
20:32:27: MovableObjectFactory for type 'BillboardSet' registered.
20:32:27: MovableObjectFactory for type 'ManualObject' registered.
20:32:27: MovableObjectFactory for type 'BillboardChain' registered.
20:32:27: MovableObjectFactory for type 'RibbonTrail' registered.
20:32:27: Loading library OGRE/RenderSystem_GL
20:32:27: Installing plugin: GL RenderSystem
20:32:27: OpenGL Rendering Subsystem created.
20:32:27: Plugin successfully installed
20:32:27: Loading library OGRE/Plugin_ParticleFX
20:32:27: Installing plugin: ParticleFX
20:32:27: Particle Emitter Type 'Point' registered
20:32:27: Particle Emitter Type 'Box' registered
20:32:27: Particle Emitter Type 'Ellipsoid' registered
20:32:27: Particle Emitter Type 'Cylinder' registered
20:32:27: Particle Emitter Type 'Ring' registered
20:32:27: Particle Emitter Type 'HollowEllipsoid' registered
20:32:27: Particle Affector Type 'LinearForce' registered
20:32:27: Particle Affector Type 'ColourFader' registered
20:32:27: Particle Affector Type 'ColourFader2' registered
20:32:27: Particle Affector Type 'ColourImage' registered
20:32:27: Particle Affector Type 'ColourInterpolator' registered
20:32:27: Particle Affector Type 'Scaler' registered
20:32:27: Particle Affector Type 'Rotator' registered
20:32:27: Particle Affector Type 'DirectionRandomiser' registered
20:32:27: Particle Affector Type 'DeflectorPlane' registered
20:32:27: Plugin successfully installed
20:32:27: Loading library OGRE/Plugin_BSPSceneManager
20:32:27: Installing plugin: BSP Scene Manager
20:32:27: Plugin successfully installed
20:32:27: Loading library OGRE/Plugin_OctreeSceneManager
20:32:27: Installing plugin: Octree & Terrain Scene Manager
20:32:27: Plugin successfully installed
20:32:27: Loading library OGRE/Plugin_CgProgramManager
20:32:27: Installing plugin: Cg Program Manager
20:32:27: Plugin successfully installed
20:32:27: *-*-* OGRE Initialising
20:32:27: *-*-* Version 1.7.2 (Cthugha)
20:32:27: Creating resource group Bootstrap
20:32:27: Added resource location 'media/packs/OgreCore.zip' of type 'Zip' to resource group 'Bootstrap'
20:32:27: Added resource location 'media' of type 'FileSystem' to resource group 'General'
20:32:27: Added resource location 'media/materials/scripts' of type 'FileSystem' to resource group 'General'
20:32:27: Added resource location 'media/materials/textures' of type 'FileSystem' to resource group 'General'
20:32:27: Added resource location 'media/models' of type 'FileSystem' to resource group 'General'
20:32:27: Added resource location 'media/overlays' of type 'FileSystem' to resource group 'General'
20:32:27: Added resource location 'media/particle' of type 'FileSystem' to resource group 'General'
20:32:27: CPU Identifier & Features
20:32:27: -------------------------
20:32:27:  *   CPU ID: GenuineIntel: Intel(R) Core(TM) i5-4308U CPU @ 2.80GHz
20:32:27:  *      SSE: yes
20:32:27:  *     SSE2: yes
20:32:27:  *     SSE3: yes
20:32:27:  *      MMX: yes
20:32:27:  *   MMXEXT: yes
20:32:27:  *    3DNOW: no
20:32:27:  * 3DNOWEXT: no
20:32:27:  *     CMOV: yes
20:32:27:  *      TSC: yes
20:32:27:  *      FPU: yes
20:32:27:  *      PRO: yes
20:32:27:  *       HT: no
20:32:27: -------------------------
20:32:27: ******************************
*** Starting GLX Subsystem ***
******************************
20:32:27: GLRenderSystem::_createRenderWindow "Render Window", 1024x768 windowed  miscParams: FSAA=0 displayFrequency=60 MHz gamma=No vsync=No 
20:32:27: OGRE EXCEPTION(6:FileNotFoundException): Cannot locate resource GLX_icon.png in resource group General or any other group. in ResourceGroupManager::openResource at /home/anderen2/build/ogre/OgreMain/src/OgreResourceGroupManager.cpp (line 753)
20:32:27: GLXWindow::create used FBConfigID = 33
20:32:27: GL_VERSION = 2.1 Chromium 1.9
20:32:27: GL_VENDOR = Humper
20:32:27: GL_RENDERER = Chromium
20:32:27: GL_EXTENSIONS = GL_EXT_texture_compression_s3tc GL_EXT_draw_range_elements GL_EXT_framebuffer_object GL_ARB_depth_texture GL_ARB_fragment_program GL_ARB_multisample GL_ARB_multitexture GL_ARB_occlusion_query GL_ARB_point_parameters GL_ARB_point_sprite GL_ARB_shadow GL_ARB_texture_border_clamp GL_ARB_texture_compression GL_ARB_texture_cube_map GL_ARB_texture_env_add GL_ARB_texture_env_combine GL_ARB_texture_env_crossbar GL_ARB_texture_env_dot3 GL_ARB_texture_mirrored_repeat GL_ATI_texture_mirror_once GL_ARB_texture_non_power_of_two GL_ARB_transpose_matrix GL_ARB_vertex_buffer_object GL_ARB_pixel_buffer_object GL_ARB_vertex_program GL_ARB_window_pos GL_EXT_blend_color GL_EXT_blend_minmax GL_EXT_blend_func_separate GL_EXT_clip_volume_hint GL_EXT_blend_subtract GL_EXT_texture_env_add GL_EXT_fog_coord GL_EXT_multi_draw_arrays GL_EXT_secondary_color GL_EXT_shadow_funcs GL_EXT_stencil_wrap GL_EXT_texture_filter_anisotropic GL_EXT_texture_lod_bias GL_IBM_rasterpos_clip GL_NV_fog_distance GL_NV_texgen_reflection GL_EXT_texture_rectangle GL_ARB_texture_rectangle GL_SGIS_generate_mipmap GL_SGIS_texture_edge_clamp GL_ARB_shading_language_100 GL_ARB_shader_objects GL_ARB_vertex_shader GL_ARB_fragment_shader GL_EXT_texture_sRGB GL_EXT_framebuffer_blit GL_EXT_blend_equation_separate GL_EXT_stencil_two_side GL_CR_state_parameter GL_CR_cursor_position GL_CR_bounding_box GL_CR_print_string GL_CR_tilesort_info GL_CR_synchronization GL_CR_head_spu_name GL_CR_performance_info GL_CR_window_size GL_CR_tile_info GL_CR_saveframe GL_CR_readback_barrier_size GL_CR_server_id_sharing GL_CR_server_matrix  GL_EXT_stencil_two_side
20:32:27: Supported GLX extensions: GLX_ARB_multisample GLX_EXT_texture_from_pixmap GLX_SGIX_fbconfig GLX_ARB_get_proc_address
20:32:27: ***************************
20:32:27: *** GL Renderer Started ***
20:32:27: ***************************
20:32:27: Registering ResourceManager for type GpuProgram
20:32:27: GLSL support detected
20:32:27: GL: Using GL_EXT_framebuffer_object for rendering to textures (best)
20:32:28: FBO PF_UNKNOWN depth/stencil support: D0S1 D0S4 D0S8 D0S16 D16S0 D24S0 D32S0 Packed-D24S8 
20:32:28: FBO PF_R5G6B5 depth/stencil support: D0S0 D0S1 D0S4 D0S8 D0S16 D16S0 D24S0 D32S0 Packed-D24S8 
20:32:28: FBO PF_B5G6R5 depth/stencil support: D0S0 D0S1 D0S4 D0S8 D0S16 D16S0 D24S0 D32S0 Packed-D24S8 
20:32:28: FBO PF_A4R4G4B4 depth/stencil support: D0S0 D0S1 D0S4 D0S8 D0S16 D16S0 D24S0 D32S0 Packed-D24S8 
20:32:28: FBO PF_A1R5G5B5 depth/stencil support: D0S0 D0S1 D0S4 D0S8 D0S16 D16S0 D24S0 D32S0 Packed-D24S8 
20:32:28: FBO PF_R8G8B8 depth/stencil support: D0S0 D0S1 D0S4 D0S8 D0S16 D16S0 D24S0 D32S0 Packed-D24S8 
20:32:28: FBO PF_B8G8R8 depth/stencil support: D0S0 D0S1 D0S4 D0S8 D0S16 D16S0 D24S0 D32S0 Packed-D24S8 
20:32:28: FBO PF_A8R8G8B8 depth/stencil support: D0S0 D0S1 D0S4 D0S8 D0S16 D16S0 D24S0 D32S0 Packed-D24S8 
20:32:28: FBO PF_B8G8R8A8 depth/stencil support: D0S0 D0S1 D0S4 D0S8 D0S16 D16S0 D24S0 D32S0 Packed-D24S8 
20:32:28: FBO PF_A2R10G10B10 depth/stencil support: D0S0 D0S1 D0S4 D0S8 D0S16 D16S0 D24S0 D32S0 Packed-D24S8 
20:32:28: FBO PF_A2B10G10R10 depth/stencil support: D0S0 D0S1 D0S4 D0S8 D0S16 D16S0 D24S0 D32S0 Packed-D24S8 
20:32:28: FBO PF_FLOAT16_RGB depth/stencil support: D0S0 D0S1 D0S4 D0S8 D0S16 D16S0 D24S0 D32S0 Packed-D24S8 
20:32:28: FBO PF_FLOAT16_RGBA depth/stencil support: D0S0 D0S1 D0S4 D0S8 D0S16 D16S0 D24S0 D32S0 Packed-D24S8 
20:32:28: FBO PF_FLOAT32_RGB depth/stencil support: D0S0 D0S1 D0S4 D0S8 D0S16 D16S0 D24S0 D32S0 Packed-D24S8 
20:32:28: FBO PF_FLOAT32_RGBA depth/stencil support: D0S0 D0S1 D0S4 D0S8 D0S16 D16S0 D24S0 D32S0 Packed-D24S8 
20:32:28: FBO PF_X8R8G8B8 depth/stencil support: D0S0 D0S1 D0S4 D0S8 D0S16 D16S0 D24S0 D32S0 Packed-D24S8 
20:32:28: FBO PF_X8B8G8R8 depth/stencil support: D0S0 D0S1 D0S4 D0S8 D0S16 D16S0 D24S0 D32S0 Packed-D24S8 
20:32:28: FBO PF_SHORT_RGBA depth/stencil support: D0S0 D0S1 D0S4 D0S8 D0S16 D16S0 D24S0 D32S0 Packed-D24S8 
20:32:28: FBO PF_R3G3B2 depth/stencil support: D0S0 D0S1 D0S4 D0S8 D0S16 D16S0 D24S0 D32S0 Packed-D24S8 
20:32:28: FBO PF_SHORT_RGB depth/stencil support: D0S0 D0S1 D0S4 D0S8 D0S16 D16S0 D24S0 D32S0 Packed-D24S8 
20:32:28: [GL] : Valid FBO targets PF_UNKNOWN PF_R5G6B5 PF_B5G6R5 PF_A4R4G4B4 PF_A1R5G5B5 PF_R8G8B8 PF_B8G8R8 PF_A8R8G8B8 PF_B8G8R8A8 PF_A2R10G10B10 PF_A2B10G10R10 PF_FLOAT16_RGB PF_FLOAT16_RGBA PF_FLOAT32_RGB PF_FLOAT32_RGBA PF_X8R8G8B8 PF_X8B8G8R8 PF_SHORT_RGBA PF_R3G3B2 PF_SHORT_RGB 
20:32:28: RenderSystem capabilities
20:32:28: -------------------------
20:32:28: RenderSystem Name: OpenGL Rendering Subsystem
20:32:28: GPU Vendor: unknown
20:32:28: Device Name: Chromium
20:32:28: Driver Version: 2.1.0.0
20:32:28:  * Fixed function pipeline: yes
20:32:28:  * Hardware generation of mipmaps: yes
20:32:28:  * Texture blending: yes
20:32:28:  * Anisotropic texture filtering: yes
20:32:28:  * Dot product texture operation: yes
20:32:28:  * Cube mapping: yes
20:32:28:  * Hardware stencil buffer: yes
20:32:28:    - Stencil depth: 8
20:32:28:    - Two sided stencil support: yes
20:32:28:    - Wrap stencil values: yes
20:32:28:  * Hardware vertex / index buffers: yes
20:32:28:  * Vertex programs: yes
20:32:28:  * Number of floating-point constants for vertex programs: 1024
20:32:28:  * Number of integer constants for vertex programs: 0
20:32:28:  * Number of boolean constants for vertex programs: 0
20:32:28:  * Fragment programs: yes
20:32:28:  * Number of floating-point constants for fragment programs: 1024
20:32:28:  * Number of integer constants for fragment programs: 0
20:32:28:  * Number of boolean constants for fragment programs: 0
20:32:28:  * Geometry programs: no
20:32:28:  * Number of floating-point constants for geometry programs: 0
20:32:28:  * Number of integer constants for geometry programs: 0
20:32:28:  * Number of boolean constants for geometry programs: 0
20:32:28:  * Supported Shader Profiles: arbfp1 arbvp1 glsl
20:32:28:  * Texture Compression: yes
20:32:28:    - DXT: yes
20:32:28:    - VTC: no
20:32:28:    - PVRTC: no
20:32:28:  * Scissor Rectangle: yes
20:32:28:  * Hardware Occlusion Query: yes
20:32:28:  * User clip planes: yes
20:32:28:  * VET_UBYTE4 vertex element type: yes
20:32:28:  * Infinite far plane projection: yes
20:32:28:  * Hardware render-to-texture: yes
20:32:28:  * Floating point textures: no
20:32:28:  * Non-power-of-two textures: yes
20:32:28:  * Volume textures: yes
20:32:28:  * Multiple Render Targets: 8
20:32:28:    - With different bit depths: yes
20:32:28:  * Point Sprites: yes
20:32:28:  * Extended point parameters: yes
20:32:28:  * Max Point Size: -9.5965e+19
20:32:28:  * Vertex texture fetch: yes
20:32:28:  * Number of world matrices: 0
20:32:28:  * Number of texture units: 16
20:32:28:  * Stencil buffer depth: 8
20:32:28:  * Number of vertex blend matrices: 0
20:32:28:    - Max vertex textures: 16
20:32:28:    - Vertex textures shared: yes
20:32:28:  * Render to Vertex Buffer : no
20:32:28:  * GL 1.5 without VBO workaround: no
20:32:28:  * Frame Buffer objects: yes
20:32:28:  * Frame Buffer objects (ARB extension): no
20:32:28:  * Frame Buffer objects (ATI extension): no
20:32:28:  * PBuffer support: yes
20:32:28:  * GL 1.5 without HW-occlusion workaround: no
20:32:28: Registering ResourceManager for type Texture
20:32:28: DefaultWorkQueue('Root') initialising on thread 7f59f4125740.
20:32:28: Particle Renderer Type 'billboard' registered
20:32:28: DefaultWorkQueue('Root')::WorkerFunc - thread 7f59d5b86700 starting.
20:32:28: SceneManagerFactory for type 'BspSceneManager' registered.
20:32:28: Registering ResourceManager for type BspLevel
20:32:28: SceneManagerFactory for type 'OctreeSceneManager' registered.
20:32:28: SceneManagerFactory for type 'TerrainSceneManager' registered.
20:32:28: Parsing scripts for resource group Autodetect
20:32:28: Finished parsing scripts for resource group Autodetect
20:32:28: Parsing scripts for resource group Bootstrap
20:32:28: Parsing script OgreCore.material
20:32:28: Parsing script OgreProfiler.material
20:32:28: Parsing script Ogre.fontdef
20:32:28: Parsing script OgreDebugPanel.overlay
20:32:28: Texture: New_Ogre_Border_Center.png: Loading 1 faces(PF_A8R8G8B8,256x128x1) with 5 hardware generated mipmaps from Image. Internal format is PF_A8R8G8B8,256x128x1.
20:32:28: Texture: New_Ogre_Border.png: Loading 1 faces(PF_A8R8G8B8,256x256x1) with 5 hardware generated mipmaps from Image. Internal format is PF_A8R8G8B8,256x256x1.
20:32:28: Texture: New_Ogre_Border_Break.png: Loading 1 faces(PF_A8R8G8B8,32x32x1) with 5 hardware generated mipmaps from Image. Internal format is PF_A8R8G8B8,32x32x1.
20:32:28: Texture: ogretext.png: Loading 1 faces(PF_A8R8G8B8,256x128x1) with 5 hardware generated mipmaps from Image. Internal format is PF_A8R8G8B8,256x128x1.
20:32:28: Parsing script OgreLoadingPanel.overlay
20:32:28: Finished parsing scripts for resource group Bootstrap
20:32:28: Parsing scripts for resource group General
20:32:28: Parsing script Example.material
20:32:28: Compiler error: reference to a non existing object in Example.material(311)
20:32:28: OGRE EXCEPTION(6:FileNotFoundException): Cannot locate resource hdr.cg in resource group General or any other group. in ResourceGroupManager::openResource at /home/anderen2/build/ogre/OgreMain/src/OgreResourceGroupManager.cpp (line 753)
20:32:28: High-level program Examples/MorningSkyBoxHDRfp encountered an error during loading and is thus not supported.
OGRE EXCEPTION(6:FileNotFoundException): Cannot locate resource hdr.cg in resource group General or any other group. in ResourceGroupManager::openResource at /home/anderen2/build/ogre/OgreMain/src/OgreResourceGroupManager.cpp (line 753)
20:32:28: OGRE EXCEPTION(6:FileNotFoundException): Cannot locate resource hdr.cg in resource group General or any other group. in ResourceGroupManager::openResource at /home/anderen2/build/ogre/OgreMain/src/OgreResourceGroupManager.cpp (line 753)
20:32:28: High-level program Examples/MorningCubeMapHDRfp encountered an error during loading and is thus not supported.
OGRE EXCEPTION(6:FileNotFoundException): Cannot locate resource hdr.cg in resource group General or any other group. in ResourceGroupManager::openResource at /home/anderen2/build/ogre/OgreMain/src/OgreResourceGroupManager.cpp (line 753)
20:32:28: Parsing script chrome.material
20:32:28: Parsing script chrome.001.material
20:32:28: Parsing script Material.001.material
20:32:28: Parsing script gui.material
20:32:28: Compiler error: unknown error in gui.material(127): token "p" is not recognized
20:32:28: Parsing script myParticle.particle
20:32:28: Parsing script gui.fontdef
20:32:28: Parsing script gui.overlay
20:32:28: Texture: background.png: Loading 1 faces(PF_A8R8G8B8,256x256x1) with 5 hardware generated mipmaps from Image. Internal format is PF_A8R8G8B8,256x256x1.
20:32:28: Texture: lobknife.png: Loading 1 faces(PF_A8R8G8B8,1024x768x1) with 5 hardware generated mipmaps from Image. Internal format is PF_A8R8G8B8,1024x768x1.
20:32:29: Texture: reverselobknife.png: Loading 1 faces(PF_A8R8G8B8,1024x768x1) with 5 hardware generated mipmaps from Image. Internal format is PF_A8R8G8B8,1024x768x1.
20:32:29: Texture: shield.png: Loading 1 faces(PF_A8R8G8B8,256x256x1) with 5 hardware generated mipmaps from Image. Internal format is PF_A8R8G8B8,256x256x1.
20:32:29: Texture: checkered.png: Loading 1 faces(PF_A8R8G8B8,255x255x1) with 5 hardware generated mipmaps from Image. Internal format is PF_A8R8G8B8,255x255x1.
20:32:29: Texture: fireorb.png: Loading 1 faces(PF_A8R8G8B8,512x512x1) with 5 hardware generated mipmaps from Image. Internal format is PF_A8R8G8B8,512x512x1.
20:32:29: Texture: target.png: Loading 1 faces(PF_A8R8G8B8,380x380x1) with 5 hardware generated mipmaps from Image. Internal format is PF_A8R8G8B8,380x380x1.
20:32:29: Finished parsing scripts for resource group General
20:32:29: Parsing scripts for resource group Internal
20:32:29: Finished parsing scripts for resource group Internal
20:32:29: Texture: dancetile.jpg: Loading 1 faces(PF_R8G8B8,2560x1600x1) with 5 hardware generated mipmaps from Image. Internal format is PF_X8R8G8B8,2560x1600x1.
20:32:29: Font Minecrafter3using texture size 2048x1024
20:32:29: Texture: Minecrafter3Texture: Loading 1 faces(PF_BYTE_LA,2048x1024x1) with  hardware generated mipmaps from Image. Internal format is PF_BYTE_LA,2048x1024x1.
20:32:31: Mesh: Loading ninja.mesh.
20:32:31: Skeleton: Loading ninja.skeleton
20:32:31: WARNING: ninja.mesh is an older format ([MeshSerializer_v1.40]); you should upgrade it as soon as possible using the OgreMeshUpgrade tool.
20:32:31: Texture: nskingr.jpg: Loading 1 faces(PF_R8G8B8,512x512x1) with 5 hardware generated mipmaps from Image. Internal format is PF_X8R8G8B8,512x512x1.
20:32:31: Mesh: Loading cube.mesh.
20:32:31: WARNING: cube.mesh is an older format ([MeshSerializer_v1.40]); you should upgrade it as soon as possible using the OgreMeshUpgrade tool.
20:32:31: Can't assign material 1 - Default to SubEntity of wall0_ent because this Material does not exist. Have you forgotten to define it in a .material script?
20:32:31: Texture: honeycomb.jpg: Loading 1 faces(PF_R8G8B8,800x450x1) with 5 hardware generated mipmaps from Image. Internal format is PF_X8R8G8B8,800x450x1.
20:32:31: Can't assign material 1 - Default to SubEntity of wall1_ent because this Material does not exist. Have you forgotten to define it in a .material script?
20:32:31: Can't assign material 1 - Default to SubEntity of wall2_ent because this Material does not exist. Have you forgotten to define it in a .material script?
20:32:31: Can't assign material 1 - Default to SubEntity of wall3_ent because this Material does not exist. Have you forgotten to define it in a .material script?
20:32:31: Can't assign material 1 - Default to SubEntity of wall4_ent because this Material does not exist. Have you forgotten to define it in a .material script?
20:32:31: Can't assign material 1 - Default to SubEntity of wall5_ent because this Material does not exist. Have you forgotten to define it in a .material script?
20:32:31: Can't assign material 1 - Default to SubEntity of wall6_ent because this Material does not exist. Have you forgotten to define it in a .material script?
20:32:31: Can't assign material 1 - Default to SubEntity of wall7_ent because this Material does not exist. Have you forgotten to define it in a .material script?
20:32:31: Can't assign material 1 - Default to SubEntity of wall8_ent because this Material does not exist. Have you forgotten to define it in a .material script?
20:32:31: Can't assign material 1 - Default to SubEntity of wall9_ent because this Material does not exist. Have you forgotten to define it in a .material script?
20:32:31: Can't assign material 1 - Default to SubEntity of wall10_ent because this Material does not exist. Have you forgotten to define it in a .material script?
20:32:31: Can't assign material 1 - Default to SubEntity of wall11_ent because this Material does not exist. Have you forgotten to define it in a .material script?
20:32:31: Can't assign material 1 - Default to SubEntity of wall12_ent because this Material does not exist. Have you forgotten to define it in a .material script?
20:32:31: Can't assign material 1 - Default to SubEntity of wall13_ent because this Material does not exist. Have you forgotten to define it in a .material script?
20:32:31: Can't assign material 1 - Default to SubEntity of wall14_ent because this Material does not exist. Have you forgotten to define it in a .material script?
20:32:31: Can't assign material 1 - Default to SubEntity of wall15_ent because this Material does not exist. Have you forgotten to define it in a .material script?
20:32:31: Can't assign material 1 - Default to SubEntity of wall16_ent because this Material does not exist. Have you forgotten to define it in a .material script?
20:32:31: Can't assign material 1 - Default to SubEntity of wall17_ent because this Material does not exist. Have you forgotten to define it in a .material script?
20:32:31: Can't assign material 1 - Default to SubEntity of wall18_ent because this Material does not exist. Have you forgotten to define it in a .material script?
20:32:31: Can't assign material 1 - Default to SubEntity of wall19_ent because this Material does not exist. Have you forgotten to define it in a .material script?
20:32:31: Can't assign material 1 - Default to SubEntity of wall20_ent because this Material does not exist. Have you forgotten to define it in a .material script?
20:32:31: Can't assign material 1 - Default to SubEntity of wall21_ent because this Material does not exist. Have you forgotten to define it in a .material script?
20:32:31: Can't assign material 1 - Default to SubEntity of wall22_ent because this Material does not exist. Have you forgotten to define it in a .material script?
20:32:31: Can't assign material 1 - Default to SubEntity of wall23_ent because this Material does not exist. Have you forgotten to define it in a .material script?
20:32:31: Can't assign material 1 - Default to SubEntity of wall24_ent because this Material does not exist. Have you forgotten to define it in a .material script?
20:32:31: Can't assign material 1 - Default to SubEntity of wall25_ent because this Material does not exist. Have you forgotten to define it in a .material script?
20:32:31: Can't assign material 1 - Default to SubEntity of wall26_ent because this Material does not exist. Have you forgotten to define it in a .material script?
20:32:31: Can't assign material 1 - Default to SubEntity of wall27_ent because this Material does not exist. Have you forgotten to define it in a .material script?
20:32:31: Can't assign material 1 - Default to SubEntity of wall28_ent because this Material does not exist. Have you forgotten to define it in a .material script?
20:32:31: Can't assign material 1 - Default to SubEntity of wall29_ent because this Material does not exist. Have you forgotten to define it in a .material script?
20:32:31: Can't assign material 1 - Default to SubEntity of wall30_ent because this Material does not exist. Have you forgotten to define it in a .material script?
20:32:31: Can't assign material 1 - Default to SubEntity of wall31_ent because this Material does not exist. Have you forgotten to define it in a .material script?
20:32:31: Can't assign material 1 - Default to SubEntity of wall32_ent because this Material does not exist. Have you forgotten to define it in a .material script?
20:32:31: Can't assign material 1 - Default to SubEntity of wall33_ent because this Material does not exist. Have you forgotten to define it in a .material script?
20:32:31: Can't assign material 1 - Default to SubEntity of wall34_ent because this Material does not exist. Have you forgotten to define it in a .material script?
20:32:31: Can't assign material 1 - Default to SubEntity of wall35_ent because this Material does not exist. Have you forgotten to define it in a .material script?
20:32:31: Can't assign material 1 - Default to SubEntity of wall36_ent because this Material does not exist. Have you forgotten to define it in a .material script?
20:32:31: Can't assign material 1 - Default to SubEntity of wall37_ent because this Material does not exist. Have you forgotten to define it in a .material script?
20:32:31: Can't assign material 1 - Default to SubEntity of shield_ent because this Material does not exist. Have you forgotten to define it in a .material script?
20:32:31: Texture: fire.jpg: Loading 1 faces(PF_R8G8B8,500x324x1) with 5 hardware generated mipmaps from Image. Internal format is PF_X8R8G8B8,500x324x1.
20:32:31: Can't assign material 1 - Default to SubEntity of wall38_ent because this Material does not exist. Have you forgotten to define it in a .material script?
20:32:31: Can't assign material 1 - Default to SubEntity of wall39_ent because this Material does not exist. Have you forgotten to define it in a .material script?
20:32:31: Can't assign material 1 - Default to SubEntity of wall40_ent because this Material does not exist. Have you forgotten to define it in a .material script?
20:32:31: Can't assign material 1 - Default to SubEntity of wall41_ent because this Material does not exist. Have you forgotten to define it in a .material script?
20:32:31: Can't assign material 1 - Default to SubEntity of wall42_ent because this Material does not exist. Have you forgotten to define it in a .material script?
20:32:31: Mesh: Loading robot.mesh.
20:32:31: Skeleton: Loading robot.skeleton
20:32:31: WARNING: robot.mesh is an older format ([MeshSerializer_v1.40]); you should upgrade it as soon as possible using the OgreMeshUpgrade tool.
20:32:31: Texture: r2skin.jpg: Loading 1 faces(PF_R8G8B8,512x512x1) with 5 hardware generated mipmaps from Image. Internal format is PF_X8R8G8B8,512x512x1.
20:32:31: Mesh: Loading alienship.mesh.
20:32:31: WARNING: alienship.mesh is an older format ([MeshSerializer_v1.40]); you should upgrade it as soon as possible using the OgreMeshUpgrade tool.
20:32:31: Can't assign material al-1 to SubEntity of alienship_ent because this Material does not exist. Have you forgotten to define it in a .material script?
20:32:31: Texture: alienship.jpg: Loading 1 faces(PF_R8G8B8,512x512x1) with 5 hardware generated mipmaps from Image. Internal format is PF_X8R8G8B8,512x512x1.
20:32:31: Mesh: Loading shield.mesh.
20:32:31: OGRE EXCEPTION(6:FileNotFoundException): Cannot locate resource starshield_col.jpg in resource group General or any other group. in ResourceGroupManager::openResource at /home/anderen2/build/ogre/OgreMain/src/OgreResourceGroupManager.cpp (line 753)
20:32:31: Error loading texture starshield_col.jpg. Texture layer will be blank. Loading the texture failed with the following exception: OGRE EXCEPTION(6:FileNotFoundException): Cannot locate resource starshield_col.jpg in resource group General or any other group. in ResourceGroupManager::openResource at /home/anderen2/build/ogre/OgreMain/src/OgreResourceGroupManager.cpp (line 753)
20:32:31: OGRE EXCEPTION(6:FileNotFoundException): Cannot locate resource starshield_bump.jpg in resource group General or any other group. in ResourceGroupManager::openResource at /home/anderen2/build/ogre/OgreMain/src/OgreResourceGroupManager.cpp (line 753)
20:32:31: Error loading texture starshield_bump.jpg. Texture layer will be blank. Loading the texture failed with the following exception: OGRE EXCEPTION(6:FileNotFoundException): Cannot locate resource starshield_bump.jpg in resource group General or any other group. in ResourceGroupManager::openResource at /home/anderen2/build/ogre/OgreMain/src/OgreResourceGroupManager.cpp (line 753)
20:32:32: Texture: abstars.jpg: Loading 1 faces(PF_R8G8B8,900x602x1) with 5 hardware generated mipmaps from Image. Internal format is PF_X8R8G8B8,900x602x1.
20:32:33: Texture: flare.png: Loading 1 faces(PF_R8G8B8,256x256x1) with 5 hardware generated mipmaps from Image. Internal format is PF_X8R8G8B8,256x256x1.
20:32:33: Font doomusing texture size 1024x512
20:32:33: Info: Freetype returned null for character 160 in font doom
20:32:33: Texture: doomTexture: Loading 1 faces(PF_BYTE_LA,1024x512x1) with  hardware generated mipmaps from Image. Internal format is PF_BYTE_LA,1024x512x1.
20:32:35: Mesh: Loading sphere.mesh.
20:32:35: WARNING: sphere.mesh is an older format ([MeshSerializer_v1.40]); you should upgrade it as soon as possible using the OgreMeshUpgrade tool.
20:32:43: Texture: halfshield.png: Loading 1 faces(PF_A8R8G8B8,256x256x1) with 5 hardware generated mipmaps from Image. Internal format is PF_A8R8G8B8,256x256x1.
20:32:57: DefaultWorkQueue('Root') shutting down on thread 7f59f4125740.
20:32:57: DefaultWorkQueue('Root')::WorkerFunc - thread 7f59d5b86700 stopped.
20:32:57: Unregistering ResourceManager for type BspLevel
20:32:57: *-*-* OGRE Shutdown
20:32:57: Unregistering ResourceManager for type Compositor
20:32:57: Unregistering ResourceManager for type Font
20:32:57: Unregistering ResourceManager for type Skeleton
20:32:57: Unregistering ResourceManager for type Mesh
20:32:57: Unregistering ResourceManager for type HighLevelGpuProgram
20:32:57: Uninstalling plugin: Cg Program Manager
20:32:57: Plugin successfully uninstalled
20:32:57: Unloading library OGRE/Plugin_CgProgramManager
20:32:57: Uninstalling plugin: Octree & Terrain Scene Manager
20:32:57: Plugin successfully uninstalled
20:32:57: Unloading library OGRE/Plugin_OctreeSceneManager
20:32:57: Uninstalling plugin: BSP Scene Manager
20:32:57: Plugin successfully uninstalled
20:32:57: Unloading library OGRE/Plugin_BSPSceneManager
20:32:57: Uninstalling plugin: ParticleFX
20:32:57: Plugin successfully uninstalled
20:32:57: Unloading library OGRE/Plugin_ParticleFX
20:32:57: Uninstalling plugin: GL RenderSystem
20:32:57: Unregistering ResourceManager for type GpuProgram
20:32:57: ******************************
*** Stopping GLX Subsystem ***
******************************
20:32:57: Unregistering ResourceManager for type Texture
20:32:57: Plugin successfully uninstalled
20:32:57: Unloading library OGRE/RenderSystem_GL
20:32:57: Unregistering ResourceManager for type Material
