14:53:37: Creating resource group General
14:53:37: Creating resource group Internal
14:53:37: Creating resource group Autodetect
14:53:37: SceneManagerFactory for type 'DefaultSceneManager' registered.
14:53:37: Registering ResourceManager for type Material
14:53:37: Registering ResourceManager for type Mesh
14:53:37: Registering ResourceManager for type Skeleton
14:53:37: MovableObjectFactory for type 'ParticleSystem' registered.
14:53:37: OverlayElementFactory for type Panel registered.
14:53:37: OverlayElementFactory for type BorderPanel registered.
14:53:37: OverlayElementFactory for type TextArea registered.
14:53:37: Registering ResourceManager for type Font
14:53:37: ArchiveFactory for archive type FileSystem registered.
14:53:37: ArchiveFactory for archive type Zip registered.
14:53:37: DDS codec registering
14:53:37: FreeImage version: 3.15.4
14:53:37: This program uses FreeImage, a free, open source image library supporting all common bitmap formats. See http://freeimage.sourceforge.net for details
14:53:37: Supported formats: bmp,ico,jpg,jif,jpeg,jpe,jng,koa,iff,lbm,mng,pbm,pbm,pcd,pcx,pgm,pgm,png,ppm,ppm,ras,tga,targa,tif,tiff,wap,wbmp,wbm,psd,cut,xbm,xpm,gif,hdr,g3,sgi,exr,j2k,j2c,jp2,pfm,pct,pict,pic,3fr,arw,bay,bmq,cap,cine,cr2,crw,cs1,dc2,dcr,drf,dsc,dng,erf,fff,ia,iiq,k25,kc2,kdc,mdc,mef,mos,mrw,nef,nrw,orf,pef,ptx,pxn,qtk,raf,raw,rdc,rw2,rwl,rwz,sr2,srf,srw,sti
14:53:37: Registering ResourceManager for type HighLevelGpuProgram
14:53:37: Registering ResourceManager for type Compositor
14:53:37: MovableObjectFactory for type 'Entity' registered.
14:53:37: MovableObjectFactory for type 'Light' registered.
14:53:37: MovableObjectFactory for type 'BillboardSet' registered.
14:53:37: MovableObjectFactory for type 'ManualObject' registered.
14:53:37: MovableObjectFactory for type 'BillboardChain' registered.
14:53:37: MovableObjectFactory for type 'RibbonTrail' registered.
14:53:37: Loading library /usr/lib/OGRE/RenderSystem_GL
14:53:38: Installing plugin: GL RenderSystem
14:53:38: OpenGL Rendering Subsystem created.
14:53:38: Plugin successfully installed
14:53:38: Loading library /usr/lib/OGRE/Plugin_ParticleFX
14:53:38: Installing plugin: ParticleFX
14:53:38: Particle Emitter Type 'Point' registered
14:53:38: Particle Emitter Type 'Box' registered
14:53:38: Particle Emitter Type 'Ellipsoid' registered
14:53:38: Particle Emitter Type 'Cylinder' registered
14:53:38: Particle Emitter Type 'Ring' registered
14:53:38: Particle Emitter Type 'HollowEllipsoid' registered
14:53:38: Particle Affector Type 'LinearForce' registered
14:53:38: Particle Affector Type 'ColourFader' registered
14:53:38: Particle Affector Type 'ColourFader2' registered
14:53:38: Particle Affector Type 'ColourImage' registered
14:53:38: Particle Affector Type 'ColourInterpolator' registered
14:53:38: Particle Affector Type 'Scaler' registered
14:53:38: Particle Affector Type 'Rotator' registered
14:53:38: Particle Affector Type 'DirectionRandomiser' registered
14:53:38: Particle Affector Type 'DeflectorPlane' registered
14:53:38: Plugin successfully installed
14:53:38: Loading library /usr/lib/OGRE/Plugin_BSPSceneManager
14:53:38: Installing plugin: BSP Scene Manager
14:53:38: Plugin successfully installed
14:53:38: Loading library /usr/lib/OGRE/Plugin_OctreeSceneManager
14:53:38: Installing plugin: Octree & Terrain Scene Manager
14:53:38: Plugin successfully installed
14:53:38: Loading library /usr/lib/OGRE/Plugin_CgProgramManager
14:53:38: Installing plugin: Cg Program Manager
14:53:38: Plugin successfully installed
14:53:38: *-*-* OGRE Initialising
14:53:38: *-*-* Version 1.7.2 (Cthugha)
14:53:38: Creating resource group Bootstrap
14:53:38: Added resource location 'media/packs/OgreCore.zip' of type 'Zip' to resource group 'Bootstrap'
14:53:38: Added resource location 'media' of type 'FileSystem' to resource group 'General'
14:53:38: Added resource location 'media/materials/scripts' of type 'FileSystem' to resource group 'General'
14:53:38: Added resource location 'media/materials/textures' of type 'FileSystem' to resource group 'General'
14:53:38: Added resource location 'media/models' of type 'FileSystem' to resource group 'General'
14:53:38: Added resource location 'media/overlays' of type 'FileSystem' to resource group 'General'
14:53:38: Added resource location 'media/particle' of type 'FileSystem' to resource group 'General'
14:53:38: CPU Identifier & Features
14:53:38: -------------------------
14:53:38:  *   CPU ID: GenuineIntel: Intel(R) Core(TM) i5-4308U CPU @ 2.80GHz
14:53:38:  *      SSE: yes
14:53:38:  *     SSE2: yes
14:53:38:  *     SSE3: yes
14:53:38:  *      MMX: yes
14:53:38:  *   MMXEXT: yes
14:53:38:  *    3DNOW: no
14:53:38:  * 3DNOWEXT: no
14:53:38:  *     CMOV: yes
14:53:38:  *      TSC: yes
14:53:38:  *      FPU: yes
14:53:38:  *      PRO: yes
14:53:38:  *       HT: no
14:53:38: -------------------------
14:53:38: ******************************
*** Starting GLX Subsystem ***
******************************
14:53:38: GLRenderSystem::_createRenderWindow "Render Window", 1024x768 windowed  miscParams: FSAA=0 displayFrequency=60 MHz gamma=No vsync=No 
14:53:38: OGRE EXCEPTION(6:FileNotFoundException): Cannot locate resource GLX_icon.png in resource group General or any other group. in ResourceGroupManager::openResource at /home/anderen2/build/ogre/OgreMain/src/OgreResourceGroupManager.cpp (line 753)
14:53:38: GLXWindow::create used FBConfigID = 33
14:53:38: GL_VERSION = 2.1 Chromium 1.9
14:53:38: GL_VENDOR = Humper
14:53:38: GL_RENDERER = Chromium
14:53:38: GL_EXTENSIONS = GL_EXT_texture_compression_s3tc GL_EXT_draw_range_elements GL_EXT_framebuffer_object GL_ARB_depth_texture GL_ARB_fragment_program GL_ARB_multisample GL_ARB_multitexture GL_ARB_occlusion_query GL_ARB_point_parameters GL_ARB_point_sprite GL_ARB_shadow GL_ARB_texture_border_clamp GL_ARB_texture_compression GL_ARB_texture_cube_map GL_ARB_texture_env_add GL_ARB_texture_env_combine GL_ARB_texture_env_crossbar GL_ARB_texture_env_dot3 GL_ARB_texture_mirrored_repeat GL_ATI_texture_mirror_once GL_ARB_texture_non_power_of_two GL_ARB_transpose_matrix GL_ARB_vertex_buffer_object GL_ARB_pixel_buffer_object GL_ARB_vertex_program GL_ARB_window_pos GL_EXT_blend_color GL_EXT_blend_minmax GL_EXT_blend_func_separate GL_EXT_clip_volume_hint GL_EXT_blend_subtract GL_EXT_texture_env_add GL_EXT_fog_coord GL_EXT_multi_draw_arrays GL_EXT_secondary_color GL_EXT_shadow_funcs GL_EXT_stencil_wrap GL_EXT_texture_filter_anisotropic GL_EXT_texture_lod_bias GL_IBM_rasterpos_clip GL_NV_fog_distance GL_NV_texgen_reflection GL_EXT_texture_rectangle GL_ARB_texture_rectangle GL_SGIS_generate_mipmap GL_SGIS_texture_edge_clamp GL_ARB_shading_language_100 GL_ARB_shader_objects GL_ARB_vertex_shader GL_ARB_fragment_shader GL_EXT_texture_sRGB GL_EXT_framebuffer_blit GL_EXT_blend_equation_separate GL_EXT_stencil_two_side GL_CR_state_parameter GL_CR_cursor_position GL_CR_bounding_box GL_CR_print_string GL_CR_tilesort_info GL_CR_synchronization GL_CR_head_spu_name GL_CR_performance_info GL_CR_window_size GL_CR_tile_info GL_CR_saveframe GL_CR_readback_barrier_size GL_CR_server_id_sharing GL_CR_server_matrix  GL_EXT_stencil_two_side
14:53:38: Supported GLX extensions: GLX_ARB_multisample GLX_EXT_texture_from_pixmap GLX_SGIX_fbconfig GLX_ARB_get_proc_address
14:53:38: ***************************
14:53:38: *** GL Renderer Started ***
14:53:38: ***************************
14:53:38: Registering ResourceManager for type GpuProgram
14:53:38: GLSL support detected
14:53:38: GL: Using GL_EXT_framebuffer_object for rendering to textures (best)
14:53:38: FBO PF_UNKNOWN depth/stencil support: D0S1 D0S4 D0S8 D0S16 D16S0 D24S0 D32S0 Packed-D24S8 
14:53:38: FBO PF_R5G6B5 depth/stencil support: D0S0 D0S1 D0S4 D0S8 D0S16 D16S0 D24S0 D32S0 Packed-D24S8 
14:53:38: FBO PF_B5G6R5 depth/stencil support: D0S0 D0S1 D0S4 D0S8 D0S16 D16S0 D24S0 D32S0 Packed-D24S8 
14:53:38: FBO PF_A4R4G4B4 depth/stencil support: D0S0 D0S1 D0S4 D0S8 D0S16 D16S0 D24S0 D32S0 Packed-D24S8 
14:53:39: FBO PF_A1R5G5B5 depth/stencil support: D0S0 D0S1 D0S4 D0S8 D0S16 D16S0 D24S0 D32S0 Packed-D24S8 
14:53:39: FBO PF_R8G8B8 depth/stencil support: D0S0 D0S1 D0S4 D0S8 D0S16 D16S0 D24S0 D32S0 Packed-D24S8 
14:53:39: FBO PF_B8G8R8 depth/stencil support: D0S0 D0S1 D0S4 D0S8 D0S16 D16S0 D24S0 D32S0 Packed-D24S8 
14:53:39: FBO PF_A8R8G8B8 depth/stencil support: D0S0 D0S1 D0S4 D0S8 D0S16 D16S0 D24S0 D32S0 Packed-D24S8 
14:53:39: FBO PF_B8G8R8A8 depth/stencil support: D0S0 D0S1 D0S4 D0S8 D0S16 D16S0 D24S0 D32S0 Packed-D24S8 
14:53:39: FBO PF_A2R10G10B10 depth/stencil support: D0S0 D0S1 D0S4 D0S8 D0S16 D16S0 D24S0 D32S0 Packed-D24S8 
14:53:39: FBO PF_A2B10G10R10 depth/stencil support: D0S0 D0S1 D0S4 D0S8 D0S16 D16S0 D24S0 D32S0 Packed-D24S8 
14:53:39: FBO PF_FLOAT16_RGB depth/stencil support: D0S0 D0S1 D0S4 D0S8 D0S16 D16S0 D24S0 D32S0 Packed-D24S8 
14:53:39: FBO PF_FLOAT16_RGBA depth/stencil support: D0S0 D0S1 D0S4 D0S8 D0S16 D16S0 D24S0 D32S0 Packed-D24S8 
14:53:39: FBO PF_FLOAT32_RGB depth/stencil support: D0S0 D0S1 D0S4 D0S8 D0S16 D16S0 D24S0 D32S0 Packed-D24S8 
14:53:39: FBO PF_FLOAT32_RGBA depth/stencil support: D0S0 D0S1 D0S4 D0S8 D0S16 D16S0 D24S0 D32S0 Packed-D24S8 
14:53:39: FBO PF_X8R8G8B8 depth/stencil support: D0S0 D0S1 D0S4 D0S8 D0S16 D16S0 D24S0 D32S0 Packed-D24S8 
14:53:39: FBO PF_X8B8G8R8 depth/stencil support: D0S0 D0S1 D0S4 D0S8 D0S16 D16S0 D24S0 D32S0 Packed-D24S8 
14:53:39: FBO PF_SHORT_RGBA depth/stencil support: D0S0 D0S1 D0S4 D0S8 D0S16 D16S0 D24S0 D32S0 Packed-D24S8 
14:53:39: FBO PF_R3G3B2 depth/stencil support: D0S0 D0S1 D0S4 D0S8 D0S16 D16S0 D24S0 D32S0 Packed-D24S8 
14:53:39: FBO PF_SHORT_RGB depth/stencil support: D0S0 D0S1 D0S4 D0S8 D0S16 D16S0 D24S0 D32S0 Packed-D24S8 
14:53:39: [GL] : Valid FBO targets PF_UNKNOWN PF_R5G6B5 PF_B5G6R5 PF_A4R4G4B4 PF_A1R5G5B5 PF_R8G8B8 PF_B8G8R8 PF_A8R8G8B8 PF_B8G8R8A8 PF_A2R10G10B10 PF_A2B10G10R10 PF_FLOAT16_RGB PF_FLOAT16_RGBA PF_FLOAT32_RGB PF_FLOAT32_RGBA PF_X8R8G8B8 PF_X8B8G8R8 PF_SHORT_RGBA PF_R3G3B2 PF_SHORT_RGB 
14:53:39: RenderSystem capabilities
14:53:39: -------------------------
14:53:39: RenderSystem Name: OpenGL Rendering Subsystem
14:53:39: GPU Vendor: unknown
14:53:39: Device Name: Chromium
14:53:39: Driver Version: 2.1.0.0
14:53:39:  * Fixed function pipeline: yes
14:53:39:  * Hardware generation of mipmaps: yes
14:53:39:  * Texture blending: yes
14:53:39:  * Anisotropic texture filtering: yes
14:53:39:  * Dot product texture operation: yes
14:53:39:  * Cube mapping: yes
14:53:39:  * Hardware stencil buffer: yes
14:53:39:    - Stencil depth: 8
14:53:39:    - Two sided stencil support: yes
14:53:39:    - Wrap stencil values: yes
14:53:39:  * Hardware vertex / index buffers: yes
14:53:39:  * Vertex programs: yes
14:53:39:  * Number of floating-point constants for vertex programs: 1024
14:53:39:  * Number of integer constants for vertex programs: 0
14:53:39:  * Number of boolean constants for vertex programs: 0
14:53:39:  * Fragment programs: yes
14:53:39:  * Number of floating-point constants for fragment programs: 1024
14:53:39:  * Number of integer constants for fragment programs: 0
14:53:39:  * Number of boolean constants for fragment programs: 0
14:53:39:  * Geometry programs: no
14:53:39:  * Number of floating-point constants for geometry programs: 0
14:53:39:  * Number of integer constants for geometry programs: 0
14:53:39:  * Number of boolean constants for geometry programs: 0
14:53:39:  * Supported Shader Profiles: arbfp1 arbvp1 glsl
14:53:39:  * Texture Compression: yes
14:53:39:    - DXT: yes
14:53:39:    - VTC: no
14:53:39:    - PVRTC: no
14:53:39:  * Scissor Rectangle: yes
14:53:39:  * Hardware Occlusion Query: yes
14:53:39:  * User clip planes: yes
14:53:39:  * VET_UBYTE4 vertex element type: yes
14:53:39:  * Infinite far plane projection: yes
14:53:39:  * Hardware render-to-texture: yes
14:53:39:  * Floating point textures: no
14:53:39:  * Non-power-of-two textures: yes
14:53:39:  * Volume textures: yes
14:53:39:  * Multiple Render Targets: 8
14:53:39:    - With different bit depths: yes
14:53:39:  * Point Sprites: yes
14:53:39:  * Extended point parameters: yes
14:53:39:  * Max Point Size: -9.74725e-16
14:53:39:  * Vertex texture fetch: yes
14:53:39:  * Number of world matrices: 0
14:53:39:  * Number of texture units: 16
14:53:39:  * Stencil buffer depth: 8
14:53:39:  * Number of vertex blend matrices: 0
14:53:39:    - Max vertex textures: 16
14:53:39:    - Vertex textures shared: yes
14:53:39:  * Render to Vertex Buffer : no
14:53:39:  * GL 1.5 without VBO workaround: no
14:53:39:  * Frame Buffer objects: yes
14:53:39:  * Frame Buffer objects (ARB extension): no
14:53:39:  * Frame Buffer objects (ATI extension): no
14:53:39:  * PBuffer support: yes
14:53:39:  * GL 1.5 without HW-occlusion workaround: no
14:53:39: Registering ResourceManager for type Texture
14:53:39: DefaultWorkQueue('Root') initialising on thread 7f31b9a17740.
14:53:39: DefaultWorkQueue('Root')::WorkerFunc - thread 7f3192b26700 starting.
14:53:39: Particle Renderer Type 'billboard' registered
14:53:39: SceneManagerFactory for type 'BspSceneManager' registered.
14:53:39: Registering ResourceManager for type BspLevel
14:53:39: SceneManagerFactory for type 'OctreeSceneManager' registered.
14:53:39: SceneManagerFactory for type 'TerrainSceneManager' registered.
14:53:39: Parsing scripts for resource group Autodetect
14:53:39: Finished parsing scripts for resource group Autodetect
14:53:39: Parsing scripts for resource group Bootstrap
14:53:39: Parsing script OgreCore.material
14:53:40: Parsing script OgreProfiler.material
14:53:40: Parsing script Ogre.fontdef
14:53:40: Parsing script OgreDebugPanel.overlay
14:53:40: Texture: New_Ogre_Border_Center.png: Loading 1 faces(PF_A8R8G8B8,256x128x1) with 5 hardware generated mipmaps from Image. Internal format is PF_A8R8G8B8,256x128x1.
14:53:40: Texture: New_Ogre_Border.png: Loading 1 faces(PF_A8R8G8B8,256x256x1) with 5 hardware generated mipmaps from Image. Internal format is PF_A8R8G8B8,256x256x1.
14:53:40: Texture: New_Ogre_Border_Break.png: Loading 1 faces(PF_A8R8G8B8,32x32x1) with 5 hardware generated mipmaps from Image. Internal format is PF_A8R8G8B8,32x32x1.
14:53:40: Texture: ogretext.png: Loading 1 faces(PF_A8R8G8B8,256x128x1) with 5 hardware generated mipmaps from Image. Internal format is PF_A8R8G8B8,256x128x1.
14:53:40: Parsing script OgreLoadingPanel.overlay
14:53:40: Finished parsing scripts for resource group Bootstrap
14:53:40: Parsing scripts for resource group General
14:53:40: Parsing script Example.material
14:53:40: Compiler error: reference to a non existing object in Example.material(311)
14:53:40: OGRE EXCEPTION(6:FileNotFoundException): Cannot locate resource hdr.cg in resource group General or any other group. in ResourceGroupManager::openResource at /home/anderen2/build/ogre/OgreMain/src/OgreResourceGroupManager.cpp (line 753)
14:53:40: High-level program Examples/MorningSkyBoxHDRfp encountered an error during loading and is thus not supported.
OGRE EXCEPTION(6:FileNotFoundException): Cannot locate resource hdr.cg in resource group General or any other group. in ResourceGroupManager::openResource at /home/anderen2/build/ogre/OgreMain/src/OgreResourceGroupManager.cpp (line 753)
14:53:40: OGRE EXCEPTION(6:FileNotFoundException): Cannot locate resource hdr.cg in resource group General or any other group. in ResourceGroupManager::openResource at /home/anderen2/build/ogre/OgreMain/src/OgreResourceGroupManager.cpp (line 753)
14:53:40: High-level program Examples/MorningCubeMapHDRfp encountered an error during loading and is thus not supported.
OGRE EXCEPTION(6:FileNotFoundException): Cannot locate resource hdr.cg in resource group General or any other group. in ResourceGroupManager::openResource at /home/anderen2/build/ogre/OgreMain/src/OgreResourceGroupManager.cpp (line 753)
14:53:40: Parsing script chrome.001.material
14:53:40: Parsing script Material.001.material
14:53:40: Parsing script chrome.material
14:53:40: Parsing script gui.material
14:53:40: Compiler error: unknown error in gui.material(127): token "p" is not recognized
14:53:40: Parsing script myParticle.particle
14:53:40: Parsing script gui.fontdef
14:53:40: Parsing script gui.overlay
14:53:40: Texture: background.png: Loading 1 faces(PF_A8R8G8B8,256x256x1) with 5 hardware generated mipmaps from Image. Internal format is PF_A8R8G8B8,256x256x1.
14:53:40: Texture: lobknife.png: Loading 1 faces(PF_A8R8G8B8,1024x768x1) with 5 hardware generated mipmaps from Image. Internal format is PF_A8R8G8B8,1024x768x1.
14:53:40: Texture: reverselobknife.png: Loading 1 faces(PF_A8R8G8B8,1024x768x1) with 5 hardware generated mipmaps from Image. Internal format is PF_A8R8G8B8,1024x768x1.
14:53:40: Texture: shield.png: Loading 1 faces(PF_A8R8G8B8,256x256x1) with 5 hardware generated mipmaps from Image. Internal format is PF_A8R8G8B8,256x256x1.
14:53:40: Texture: checkered.png: Loading 1 faces(PF_A8R8G8B8,255x255x1) with 5 hardware generated mipmaps from Image. Internal format is PF_A8R8G8B8,255x255x1.
14:53:40: Texture: fireorb.png: Loading 1 faces(PF_A8R8G8B8,512x512x1) with 5 hardware generated mipmaps from Image. Internal format is PF_A8R8G8B8,512x512x1.
14:53:40: Texture: target.png: Loading 1 faces(PF_A8R8G8B8,380x380x1) with 5 hardware generated mipmaps from Image. Internal format is PF_A8R8G8B8,380x380x1.
14:53:40: Finished parsing scripts for resource group General
14:53:40: Parsing scripts for resource group Internal
14:53:40: Finished parsing scripts for resource group Internal
14:53:40: Texture: dancetile.jpg: Loading 1 faces(PF_R8G8B8,2560x1600x1) with 5 hardware generated mipmaps from Image. Internal format is PF_X8R8G8B8,2560x1600x1.
14:53:41: Font Minecrafter3using texture size 2048x1024
14:53:41: Texture: Minecrafter3Texture: Loading 1 faces(PF_BYTE_LA,2048x1024x1) with  hardware generated mipmaps from Image. Internal format is PF_BYTE_LA,2048x1024x1.
14:53:49: DefaultWorkQueue('Root') shutting down on thread 7f31b9a17740.
14:53:49: DefaultWorkQueue('Root')::WorkerFunc - thread 7f3192b26700 stopped.
14:53:49: Unregistering ResourceManager for type BspLevel
14:53:49: *-*-* OGRE Shutdown
14:53:49: Unregistering ResourceManager for type Compositor
14:53:49: Unregistering ResourceManager for type Font
14:53:49: Unregistering ResourceManager for type Skeleton
14:53:49: Unregistering ResourceManager for type Mesh
14:53:49: Unregistering ResourceManager for type HighLevelGpuProgram
14:53:49: Uninstalling plugin: Cg Program Manager
14:53:49: Plugin successfully uninstalled
14:53:49: Unloading library /usr/lib/OGRE/Plugin_CgProgramManager
14:53:49: Uninstalling plugin: Octree & Terrain Scene Manager
14:53:49: Plugin successfully uninstalled
14:53:49: Unloading library /usr/lib/OGRE/Plugin_OctreeSceneManager
14:53:49: Uninstalling plugin: BSP Scene Manager
14:53:49: Plugin successfully uninstalled
14:53:49: Unloading library /usr/lib/OGRE/Plugin_BSPSceneManager
14:53:49: Uninstalling plugin: ParticleFX
14:53:49: Plugin successfully uninstalled
14:53:49: Unloading library /usr/lib/OGRE/Plugin_ParticleFX
14:53:49: Uninstalling plugin: GL RenderSystem
14:53:49: Unregistering ResourceManager for type GpuProgram
14:53:49: ******************************
*** Stopping GLX Subsystem ***
******************************
14:53:49: Unregistering ResourceManager for type Texture
14:53:49: Plugin successfully uninstalled
14:53:49: Unloading library /usr/lib/OGRE/RenderSystem_GL
14:53:49: Unregistering ResourceManager for type Material
